  Threads set to 128 by Python driver.

Scratch directory: /scratch/project/open-31-30/psi4_3354592/
   => Libint2 <=

    Primary   basis highest AM E, G, H:  6, 6, 3
    Auxiliary basis highest AM E, G, H:  7, 7, 4
    Onebody   basis highest AM E, G, H:  -, -, -
    Solid Harmonics ordering:            Gaussian

*** tstart() called on cn020.karolina.it4i.cz
*** at Tue Nov 11 11:04:21 2025

   => Loading Basis Set <=

    Name: 6-311G*
    Role: ORBITAL
    Keyword: BASIS
    atoms 1-3, 9, 11, 13  entry C          line   114 file /home/matoumik/.conda/envs/psi4env/share/psi4/basis/6-311gs.gbs 
    atoms 4-5, 10, 12, 14 entry H          line    37 file /home/matoumik/.conda/envs/psi4env/share/psi4/basis/6-311gs.gbs 
    atoms 6               entry N          line   133 file /home/matoumik/.conda/envs/psi4env/share/psi4/basis/6-311gs.gbs 
    atoms 7-8             entry O          line   152 file /home/matoumik/.conda/envs/psi4env/share/psi4/basis/6-311gs.gbs 
    atoms 15              entry BR         line   819 file /home/matoumik/.conda/envs/psi4env/share/psi4/basis/6-311gs.gbs 


         ---------------------------------------------------------
                                   SCF
               by Justin Turney, Rob Parrish, Andy Simmonett
                          and Daniel G. A. Smith
                              RHF Reference
                      128 Threads,    500 MiB Core
         ---------------------------------------------------------

  ==> Geometry <==

    Molecular point group: c1
    Full point group: C1

    Geometry (in Angstrom), charge = 1, multiplicity = 1:

       Center              X                  Y                   Z               Mass       
    ------------   -----------------  -----------------  -----------------  -----------------
         C           -0.511618296797     1.244386024531     0.732140048697    12.000000000000
         C            0.856500593203     1.251903714531     0.717948218697    12.000000000000
         C            1.524118723203     0.024661924531     0.713927788697    12.000000000000
         H           -1.071804396797     2.172682314531     0.745925708697     1.007825032230
         H            1.436128963203     2.163921874531     0.712099008697     1.007825032230
         N            3.008539583203     0.046097104531     0.698823798697    14.003074004430
         O            3.575097303203    -1.082768165469     0.699174708697    15.994914619570
         O            3.542114363203     1.190870854531     0.689202018697    15.994914619570
         C           -0.475464946797    -1.253402765469     0.742118638697    12.000000000000
         H           -1.008574426797    -2.197377955469     0.762945788697     1.007825032230
         C            0.892227703203    -1.221407805469     0.728065818697    12.000000000000
         H            1.498048423203    -2.116244695469     0.729653208697     1.007825032230
         C           -1.267906576797    -0.015841805469     0.712127418697    12.000000000000
         H           -2.116520796797    -0.025293215469     1.403161498697     1.007825032230
         BR          -2.114966986797    -0.034666925469    -1.121874081303    78.918337600000

  Running in c1 symmetry.

  Rotational constants: A =      0.08552  B =      0.01490  C =      0.01402 [cm^-1]
  Rotational constants: A =   2563.79730  B =    446.82573  C =    420.22056 [MHz]
  Nuclear repulsion =  731.022770055459659

  Charge       = 1
  Multiplicity = 1
  Electrons    = 98
  Nalpha       = 49
  Nbeta        = 49

  ==> Algorithm <==

  SCF Algorithm Type is PK.
  DIIS enabled.
  MOM disabled.
  Fractional occupation disabled.
  Guess Type is SAD.
  Energy threshold   = 1.00e-08
  Density threshold  = 1.00e-08
  Integral threshold = 1.00e-12

  ==> Primary Basis <==

  Basis Set: 6-311G*
    Blend: 6-311G*
    Number of shells: 105
    Number of basis functions: 221
    Number of Cartesian functions: 233
    Spherical Harmonics?: true
    Max angular momentum: 2

  ==> Integral Setup <==

  Using integral reordering PK algorithm.
  Sizing the integral batches needed.
  Building batch lookup table.
   Calculation information:
      Number of atoms:                  15
      Number of AO shells:             105
      Number of primitives:            212
      Number of atomic orbitals:       233
      Number of basis functions:       221

      Integral cutoff                 1.00e-12
      Number of threads:               128

	Batch   1 pq = [       0,    9405] index = [             0,44231715] size =     44231715
	Batch   2 pq = [    9405,   13301] index = [      44231715,88464951] size =     44233236
	Batch   3 pq = [   13301,   16290] index = [      88464951,132690195] size =     44225244
	Batch   4 pq = [   16290,   18810] index = [     132690195,176917455] size =     44227260
	Batch   5 pq = [   18810,   21030] index = [     176917455,221140965] size =     44223510
	Batch   6 pq = [   21030,   23037] index = [     221140965,265363203] size =     44222238
	Batch   7 pq = [   23037,   24531] index = [     265363203,300897246] size =     35534043
  Task number: 3483
  Buffer size: 86400
  Buffer per thread: 2
  We computed 69664068 shell quartets total.
  Whereas there are 15487395 unique shell quartets.
   349.81 percent of shell quartets recomputed by reordering.

  ==> DiskJK: Disk-Based J/K Matrices <==

    J tasked:                  Yes
    K tasked:                  Yes
    wK tasked:                  No
    Memory [MiB]:              375
    Schwarz Cutoff:          1E-12

    OpenMP threads:            128

  Minimum eigenvalue in the overlap matrix is 3.1298587452E-04.
  Reciprocal condition number of the overlap matrix is 4.6522332756E-05.
    Using symmetric orthogonalization.

  ==> Pre-Iterations <==

  SCF Guess: Superposition of Atomic Densities via on-the-fly atomic UHF (no occupation information).

   -------------------------
    Irrep   Nso     Nmo    
   -------------------------
     A        221     221 
   -------------------------
    Total     221     221
   -------------------------

  ==> Iterations <==

                        Total Energy        Delta E     RMS |[F,P]|

   @RHF iter SAD: -3004.15151668110138   -3.00415e+03   0.00000e+00 
   @RHF iter   1: -3005.75973693520245   -1.60822e+00   8.33795e-03 DIIS/ADIIS
   @RHF iter   2: -3006.02055272179587   -2.60816e-01   5.81474e-03 DIIS/ADIIS
   @RHF iter   3: -3006.27287642703186   -2.52324e-01   5.95399e-04 DIIS/ADIIS
   @RHF iter   4: -3006.27964617355292   -6.76975e-03   2.71593e-04 DIIS/ADIIS
   @RHF iter   5: -3006.28141452917680   -1.76836e-03   4.58089e-05 DIIS
   @RHF iter   6: -3006.28153226857103   -1.17739e-04   1.99538e-05 DIIS
   @RHF iter   7: -3006.28155460345351   -2.23349e-05   7.58740e-06 DIIS
   @RHF iter   8: -3006.28155933333892   -4.72989e-06   2.77699e-06 DIIS
   @RHF iter   9: -3006.28156000744366   -6.74105e-07   1.12536e-06 DIIS
   @RHF iter  10: -3006.28156011346118   -1.06018e-07   3.79522e-07 DIIS
   @RHF iter  11: -3006.28156012727368   -1.38125e-08   1.43101e-07 DIIS
   @RHF iter  12: -3006.28156012904856   -1.77488e-09   5.84957e-08 DIIS
   @RHF iter  13: -3006.28156012944555   -3.96994e-10   2.82761e-08 DIIS
   @RHF iter  14: -3006.28156012955333   -1.07775e-10   1.18862e-08 DIIS
   @RHF iter  15: -3006.28156012957152   -1.81899e-11   5.50094e-09 DIIS
  Energy and wave function converged.


  ==> Post-Iterations <==

    Orbital Energies [Eh]
    ---------------------

    Doubly Occupied:                                                      

       1A   -490.228022     2A    -65.361398     3A    -58.721876  
       4A    -58.719363     5A    -58.719348     6A    -20.788213  
       7A    -20.788165     8A    -16.033626     9A    -11.577693  
      10A    -11.527997    11A    -11.522628    12A    -11.522507  
      13A    -11.469406    14A    -11.469383    15A    -10.041259  
      16A     -7.656474    17A     -7.645089    18A     -7.644913  
      19A     -3.396717    20A     -3.391602    21A     -3.391448  
      22A     -3.377660    23A     -3.377660    24A     -1.750905  
      25A     -1.558740    26A     -1.423044    27A     -1.320705  
      28A     -1.278775    29A     -1.211051    30A     -1.137786  
      31A     -1.081167    32A     -1.039831    33A     -0.967937  
      34A     -0.907538    35A     -0.906081    36A     -0.875323  
      37A     -0.864509    38A     -0.861068    39A     -0.842260  
      40A     -0.800449    41A     -0.740341    42A     -0.737626  
      43A     -0.673298    44A     -0.671831    45A     -0.658349  
      46A     -0.625548    47A     -0.609924    48A     -0.602999  
      49A     -0.567737  

    Virtual:                                                              

      50A     -0.245039    51A     -0.106191    52A     -0.083145  
      53A     -0.050811    54A     -0.012092    55A      0.016535  
      56A      0.023892    57A      0.063899    58A      0.075682  
      59A      0.097710    60A      0.119896    61A      0.150506  
      62A      0.168888    63A      0.224368    64A      0.235250  
      65A      0.244861    66A      0.253999    67A      0.256756  
      68A      0.285214    69A      0.303128    70A      0.311781  
      71A      0.337996    72A      0.351669    73A      0.352815  
      74A      0.374368    75A      0.382669    76A      0.402354  
      77A      0.415327    78A      0.429220    79A      0.433019  
      80A      0.454042    81A      0.474403    82A      0.496512  
      83A      0.522696    84A      0.548733    85A      0.550325  
      86A      0.572269    87A      0.589779    88A      0.605913  
      89A      0.612733    90A      0.627468    91A      0.628694  
      92A      0.648888    93A      0.676473    94A      0.695452  
      95A      0.714265    96A      0.731294    97A      0.745011  
      98A      0.751096    99A      0.798797   100A      0.810022  
     101A      0.833080   102A      0.844246   103A      0.863592  
     104A      0.867661   105A      0.885148   106A      0.916502  
     107A      0.917951   108A      0.938214   109A      0.978674  
     110A      0.997681   111A      1.016975   112A      1.050524  
     113A      1.057561   114A      1.108248   115A      1.129158  
     116A      1.193178   117A      1.196342   118A      1.199782  
     119A      1.230081   120A      1.234731   121A      1.243473  
     122A      1.359763   123A      1.461796   124A      1.468306  
     125A      1.474422   126A      1.507366   127A      1.511308  
     128A      1.637470   129A      1.668611   130A      1.716160  
     131A      1.729931   132A      1.752053   133A      1.779031  
     134A      1.802987   135A      1.834787   136A      1.842185  
     137A      1.889993   138A      1.938076   139A      1.946919  
     140A      1.975042   141A      2.015380   142A      2.022496  
     143A      2.055161   144A      2.067958   145A      2.170107  
     146A      2.178216   147A      2.229307   148A      2.245897  
     149A      2.285866   150A      2.361780   151A      2.378467  
     152A      2.396174   153A      2.413882   154A      2.441038  
     155A      2.502072   156A      2.546968   157A      2.630366  
     158A      2.647748   159A      2.713523   160A      2.735450  
     161A      2.837941   162A      2.881444   163A      2.964531  
     164A      2.981956   165A      3.014460   166A      3.026629  
     167A      3.045328   168A      3.055507   169A      3.081924  
     170A      3.199848   171A      3.248397   172A      3.258236  
     173A      3.325244   174A      3.365642   175A      3.398379  
     176A      3.454643   177A      3.483307   178A      3.501832  
     179A      3.523635   180A      3.548981   181A      3.606916  
     182A      3.695307   183A      3.728800   184A      3.804849  
     185A      3.826845   186A      3.941837   187A      3.962790  
     188A      4.080890   189A      4.132694   190A      4.517810  
     191A      4.522823   192A      4.596729   193A      4.638858  
     194A      4.705601   195A      4.814978   196A      4.851762  
     197A      4.891405   198A      5.191653   199A      5.202468  
     200A      5.290366   201A      5.311822   202A      5.870318  
     203A      6.319201   204A      6.897627   205A      7.947510  
     206A      7.952873   207A      8.061306   208A     24.116909  
     209A     24.598800   210A     24.693491   211A     24.808815  
     212A     25.008017   213A     25.055440   214A     36.494377  
     215A     49.180415   216A     51.310500   217A     51.402989  
     218A    293.626295   219A    293.629387   220A    293.764422  
     221A   1028.092940  

    Final Occupation by Irrep:
              A 
    DOCC [    49 ]
    NA   [    49 ]
    NB   [    49 ]

  @RHF Final Energy: -3006.28156012957152

   => Energetics <=

    Nuclear Repulsion Energy =            731.0227700554596595
    One-Electron Energy =               -5608.4341179127941359
    Two-Electron Energy =                1871.1297877277629595
    Total Energy =                      -3006.2815601295715169

Computation Completed


Properties will be evaluated at   0.000000,   0.000000,   0.000000 [a0]

Properties computed using the SCF density matrix


 Multipole Moments:

 ------------------------------------------------------------------------------------
     Multipole            Electronic (a.u.)      Nuclear  (a.u.)        Total (a.u.)
 ------------------------------------------------------------------------------------

 L = 1.  Multiply by 2.5417464519 to convert [e a0] to [Debye]
 Dipole X            :        -18.1819229           16.6636935           -1.5182294
 Dipole Y            :         -0.3070069            0.2903430           -0.0166639
 Dipole Z            :        -12.2005353           13.5397750            1.3392397
 Magnitude           :                                                    2.0245645

 ------------------------------------------------------------------------------------

*** tstop() called on cn020.karolina.it4i.cz at Tue Nov 11 11:06:09 2025
Module time:
	user time   =    9760.40 seconds =     162.67 minutes
	system time =      56.37 seconds =       0.94 minutes
	total time  =        108 seconds =       1.80 minutes
Total time:
	user time   =    9760.40 seconds =     162.67 minutes
	system time =      56.37 seconds =       0.94 minutes
	total time  =        108 seconds =       1.80 minutes
 MINTS: Wrapper to libmints.
   by Justin Turney

   Calculation information:
      Number of threads:               128
      Number of atoms:                  15
      Number of AO shells:             105
      Number of SO shells:             105
      Number of primitives:            212
      Number of atomic orbitals:       233
      Number of basis functions:       221

      Number of irreps:                  1
      Integral cutoff                 1.00e-12
      Number of functions per irrep: [ 221 ]

 OEINTS: Overlap, kinetic, potential, dipole, and quadrupole integrals
         stored in file 35.

      Computing two-electron integrals...done
      Computed 162776085 non-zero two-electron integrals.
        Stored in file 33.


*** tstart() called on cn020.karolina.it4i.cz
*** at Tue Nov 11 11:06:46 2025


	Wfn Parameters:
	--------------------
	Wavefunction         = CCSD
	Number of irreps     = 1
	Number of MOs        = 221
	Number of active MOs = 221
	AO-Basis             = NONE
	Semicanonical        = false
	Reference            = RHF
	Print Level          = 1

	IRREP	# MOs	# FZDC	# DOCC	# SOCC	# VIRT	# FZVR
	-----	-----	------	------	------	------	------
	 A	   221	    0	    49	    0	    172	    0
	Transforming integrals...
	IWL integrals will be deleted.
	(OO|OO)...
	Presorting SO-basis two-electron integrals.
	Sorting File: SO Ints (nn|nn) nbuckets = 10
	Constructing frozen core operators
	Starting first half-transformation.
	Sorting half-transformed integrals.
	First half integral transformation complete.
	Starting second half-transformation.
	Two-electron integral transformation complete.
	(OO|OV)...
	Starting second half-transformation.
	Two-electron integral transformation complete.
	(OO|VV)...
	Starting second half-transformation.
	Two-electron integral transformation complete.
	(OV|OO)...
	Starting first half-transformation.
	Sorting half-transformed integrals.
	First half integral transformation complete.
	Starting second half-transformation.
	Two-electron integral transformation complete.
	(OV|OV)...
	Starting second half-transformation.
	Two-electron integral transformation complete.
	(OV|VV)...
	Starting second half-transformation.
	Two-electron integral transformation complete.
	(VV|OO)...
	Starting first half-transformation.
	Sorting half-transformed integrals.
	First half integral transformation complete.
	Starting second half-transformation.
	Two-electron integral transformation complete.
	(VV|OV)...
	Starting second half-transformation.
	Two-electron integral transformation complete.
	(VV|VV)...
	Starting second half-transformation.
	Two-electron integral transformation complete.
	Frozen core energy     =      0.00000000000000

	Size of irrep 0 of <ab|cd> integrals:    875.213 (MW) /   7001.704 (MB)
	Total:                                   875.213 (MW) /   7001.704 (MB)

	Size of irrep 0 of <ia|bc> integrals:    249.334 (MW) /   1994.672 (MB)
	Total:                                   249.334 (MW) /   1994.672 (MB)

	Size of irrep 0 of tijab amplitudes:      71.031 (MW) /    568.249 (MB)
	Total:                                    71.031 (MW) /    568.249 (MB)

