2026-04-30:19:17:33,46 INFO     [psi4.driver.task_planner:259] PLANNING Atomic:  keywords={'DFT_PRUNING_SCHEME': 'NONE', 'DFT_RADIAL_POINTS': 99, 'DFT_SPHERICAL_POINTS': 590, 'D_CONVERGENCE': 1e-09, 'E_CONVERGENCE': 1e-09, 'REFERENCE': 'RKS', 'SCF_TYPE': 'DF', 'function_kwargs': {}}
2026-04-30:19:17:33,47 INFO     [psi4.driver.driver:525] Compute energy(): method=wb97x, basis=6-311g*, molecule=default, nre=677.477090044454
2026-04-30:19:18:13,388 INFO     [psi4.driver.driver:528] Return energy(): -3010.4379897435147
2026-04-30:19:19:16,205 INFO     [psi4.driver.task_planner:259] PLANNING Atomic:  keywords={'DFT_PRUNING_SCHEME': 'NONE', 'DFT_RADIAL_POINTS': 99, 'DFT_SPHERICAL_POINTS': 590, 'D_CONVERGENCE': 1e-09, 'E_CONVERGENCE': 1e-09, 'REFERENCE': 'RKS', 'SCF_TYPE': 'DF', 'function_kwargs': {}}
2026-04-30:19:19:16,206 INFO     [psi4.driver.driver:525] Compute energy(): method=wb97x-d, basis=6-311g*, molecule=default, nre=677.477090044454
2026-04-30:19:19:56,608 INFO     [psi4.driver.driver:528] Return energy(): -3010.4411039120428
2026-04-30:19:19:56,646 INFO     [psi4.driver.task_planner:259] PLANNING Atomic:  keywords={'DFT_PRUNING_SCHEME': 'NONE', 'DFT_RADIAL_POINTS': 99, 'DFT_SPHERICAL_POINTS': 590, 'D_CONVERGENCE': 1e-09, 'E_CONVERGENCE': 1e-09, 'SCF__INTS_TOLERANCE': 1e-12, 'REFERENCE': 'RKS', 'SCF_TYPE': 'DF', 'function_kwargs': {}}
2026-04-30:19:19:56,647 INFO     [psi4.driver.driver:525] Compute energy(): method=wb97x, basis=6-311g*, molecule=default, nre=657.8197745046447
2026-04-30:19:20:40,771 INFO     [psi4.driver.driver:528] Return energy(): -3010.4201645495864
2026-04-30:19:22:03,824 INFO     [psi4.driver.task_planner:259] PLANNING Atomic:  keywords={'DFT_PRUNING_SCHEME': 'NONE', 'DFT_RADIAL_POINTS': 99, 'DFT_SPHERICAL_POINTS': 590, 'D_CONVERGENCE': 1e-09, 'E_CONVERGENCE': 1e-09, 'REFERENCE': 'RKS', 'SCF_TYPE': 'DF', 'function_kwargs': {}}
2026-04-30:19:22:03,825 INFO     [psi4.driver.driver:525] Compute energy(): method=wb97x-d, basis=6-311g*, molecule=default, nre=657.8197745046447
2026-04-30:19:22:43,564 INFO     [psi4.driver.driver:528] Return energy(): -3010.424962545411
2026-04-30:19:22:43,600 INFO     [psi4.driver.task_planner:259] PLANNING Atomic:  keywords={'DFT_PRUNING_SCHEME': 'NONE', 'DFT_RADIAL_POINTS': 99, 'DFT_SPHERICAL_POINTS': 590, 'D_CONVERGENCE': 1e-09, 'E_CONVERGENCE': 1e-09, 'SCF__INTS_TOLERANCE': 1e-12, 'REFERENCE': 'RKS', 'SCF_TYPE': 'DF', 'function_kwargs': {}}
2026-04-30:19:22:43,601 INFO     [psi4.driver.driver:525] Compute energy(): method=wb97x, basis=6-311g*, molecule=default, nre=637.8690901264969
2026-04-30:19:23:33,170 INFO     [psi4.driver.driver:528] Return energy(): -3010.403247119115
2026-04-30:19:25:34,752 INFO     [psi4.driver.task_planner:259] PLANNING Atomic:  keywords={'DFT_PRUNING_SCHEME': 'NONE', 'DFT_RADIAL_POINTS': 99, 'DFT_SPHERICAL_POINTS': 590, 'D_CONVERGENCE': 1e-09, 'E_CONVERGENCE': 1e-09, 'REFERENCE': 'RKS', 'SCF_TYPE': 'DF', 'function_kwargs': {}}
2026-04-30:19:25:34,753 INFO     [psi4.driver.driver:525] Compute energy(): method=wb97x-d, basis=6-311g*, molecule=default, nre=637.8690901264969
2026-04-30:19:26:33,95 INFO     [psi4.driver.driver:528] Return energy(): -3010.410046703672
2026-04-30:19:26:33,131 INFO     [psi4.driver.task_planner:259] PLANNING Atomic:  keywords={'DFT_PRUNING_SCHEME': 'NONE', 'DFT_RADIAL_POINTS': 99, 'DFT_SPHERICAL_POINTS': 590, 'D_CONVERGENCE': 1e-09, 'E_CONVERGENCE': 1e-09, 'SCF__INTS_TOLERANCE': 1e-12, 'REFERENCE': 'RKS', 'SCF_TYPE': 'DF', 'function_kwargs': {}}
2026-04-30:19:26:33,132 INFO     [psi4.driver.driver:525] Compute energy(): method=wb97x, basis=6-311g*, molecule=default, nre=732.0900264318337
2026-04-30:19:27:16,586 INFO     [psi4.driver.driver:528] Return energy(): -3010.455773915127
2026-04-30:19:28:00,135 INFO     [psi4.driver.task_planner:259] PLANNING Atomic:  keywords={'DFT_PRUNING_SCHEME': 'NONE', 'DFT_RADIAL_POINTS': 99, 'DFT_SPHERICAL_POINTS': 590, 'D_CONVERGENCE': 1e-09, 'E_CONVERGENCE': 1e-09, 'REFERENCE': 'RKS', 'SCF_TYPE': 'DF', 'function_kwargs': {}}
2026-04-30:19:28:00,136 INFO     [psi4.driver.driver:525] Compute energy(): method=wb97x-d, basis=6-311g*, molecule=default, nre=732.0900264318337
2026-04-30:19:28:44,679 INFO     [psi4.driver.driver:528] Return energy(): -3010.4548616184143
2026-04-30:19:28:44,714 INFO     [psi4.driver.task_planner:259] PLANNING Atomic:  keywords={'DFT_PRUNING_SCHEME': 'NONE', 'DFT_RADIAL_POINTS': 99, 'DFT_SPHERICAL_POINTS': 590, 'D_CONVERGENCE': 1e-09, 'E_CONVERGENCE': 1e-09, 'SCF__INTS_TOLERANCE': 1e-12, 'REFERENCE': 'RKS', 'SCF_TYPE': 'DF', 'function_kwargs': {}}
2026-04-30:19:28:44,715 INFO     [psi4.driver.driver:525] Compute energy(): method=wb97x, basis=6-311g*, molecule=default, nre=745.1933923852048
2026-04-30:19:29:30,138 INFO     [psi4.driver.driver:528] Return energy(): -3010.4402500489605
2026-04-30:19:30:20,37 INFO     [psi4.driver.task_planner:259] PLANNING Atomic:  keywords={'DFT_PRUNING_SCHEME': 'NONE', 'DFT_RADIAL_POINTS': 99, 'DFT_SPHERICAL_POINTS': 590, 'D_CONVERGENCE': 1e-09, 'E_CONVERGENCE': 1e-09, 'REFERENCE': 'RKS', 'SCF_TYPE': 'DF', 'function_kwargs': {}}
2026-04-30:19:30:20,38 INFO     [psi4.driver.driver:525] Compute energy(): method=wb97x-d, basis=6-311g*, molecule=default, nre=745.1933923852048
2026-04-30:19:31:03,594 INFO     [psi4.driver.driver:528] Return energy(): -3010.4427889005947
2026-04-30:19:31:03,633 INFO     [psi4.driver.task_planner:259] PLANNING Atomic:  keywords={'DFT_PRUNING_SCHEME': 'NONE', 'DFT_RADIAL_POINTS': 99, 'DFT_SPHERICAL_POINTS': 590, 'D_CONVERGENCE': 1e-09, 'E_CONVERGENCE': 1e-09, 'SCF__INTS_TOLERANCE': 1e-12, 'REFERENCE': 'RKS', 'SCF_TYPE': 'DF', 'function_kwargs': {}}
2026-04-30:19:31:03,634 INFO     [psi4.driver.driver:525] Compute energy(): method=wb97x, basis=6-311g*, molecule=default, nre=753.4965605703885
2026-04-30:19:31:42,188 INFO     [psi4.driver.driver:528] Return energy(): -3010.4615650896103
2026-04-30:19:32:19,871 INFO     [psi4.driver.task_planner:259] PLANNING Atomic:  keywords={'DFT_PRUNING_SCHEME': 'NONE', 'DFT_RADIAL_POINTS': 99, 'DFT_SPHERICAL_POINTS': 590, 'D_CONVERGENCE': 1e-09, 'E_CONVERGENCE': 1e-09, 'REFERENCE': 'RKS', 'SCF_TYPE': 'DF', 'function_kwargs': {}}
2026-04-30:19:32:19,872 INFO     [psi4.driver.driver:525] Compute energy(): method=wb97x-d, basis=6-311g*, molecule=default, nre=753.4965605703885
2026-04-30:19:32:57,406 INFO     [psi4.driver.driver:528] Return energy(): -3010.4620599373475
2026-04-30:19:32:57,446 INFO     [psi4.driver.task_planner:259] PLANNING Atomic:  keywords={'DFT_PRUNING_SCHEME': 'NONE', 'DFT_RADIAL_POINTS': 99, 'DFT_SPHERICAL_POINTS': 590, 'D_CONVERGENCE': 1e-09, 'E_CONVERGENCE': 1e-09, 'SCF__INTS_TOLERANCE': 1e-12, 'REFERENCE': 'RKS', 'SCF_TYPE': 'DF', 'function_kwargs': {}}
2026-04-30:19:32:57,447 INFO     [psi4.driver.driver:525] Compute energy(): method=wb97x, basis=6-311g*, molecule=default, nre=756.721195480805
2026-04-30:19:33:32,37 INFO     [psi4.driver.driver:528] Return energy(): -3010.480943761411
2026-04-30:19:34:07,76 INFO     [psi4.driver.task_planner:259] PLANNING Atomic:  keywords={'DFT_PRUNING_SCHEME': 'NONE', 'DFT_RADIAL_POINTS': 99, 'DFT_SPHERICAL_POINTS': 590, 'D_CONVERGENCE': 1e-09, 'E_CONVERGENCE': 1e-09, 'REFERENCE': 'RKS', 'SCF_TYPE': 'DF', 'function_kwargs': {}}
2026-04-30:19:34:07,77 INFO     [psi4.driver.driver:525] Compute energy(): method=wb97x-d, basis=6-311g*, molecule=default, nre=756.721195480805
2026-04-30:19:34:42,716 INFO     [psi4.driver.driver:528] Return energy(): -3010.4806507969556
2026-04-30:19:34:42,755 INFO     [psi4.driver.task_planner:259] PLANNING Atomic:  keywords={'DFT_PRUNING_SCHEME': 'NONE', 'DFT_RADIAL_POINTS': 99, 'DFT_SPHERICAL_POINTS': 590, 'D_CONVERGENCE': 1e-09, 'E_CONVERGENCE': 1e-09, 'SCF__INTS_TOLERANCE': 1e-12, 'REFERENCE': 'RKS', 'SCF_TYPE': 'DF', 'function_kwargs': {}}
2026-04-30:19:34:42,756 INFO     [psi4.driver.driver:525] Compute energy(): method=wb97x, basis=6-311g*, molecule=default, nre=753.5897737709756
2026-04-30:19:35:18,502 INFO     [psi4.driver.driver:528] Return energy(): -3010.4872763171197
2026-04-30:19:35:54,79 INFO     [psi4.driver.task_planner:259] PLANNING Atomic:  keywords={'DFT_PRUNING_SCHEME': 'NONE', 'DFT_RADIAL_POINTS': 99, 'DFT_SPHERICAL_POINTS': 590, 'D_CONVERGENCE': 1e-09, 'E_CONVERGENCE': 1e-09, 'REFERENCE': 'RKS', 'SCF_TYPE': 'DF', 'function_kwargs': {}}
2026-04-30:19:35:54,80 INFO     [psi4.driver.driver:525] Compute energy(): method=wb97x-d, basis=6-311g*, molecule=default, nre=753.5897737709756
2026-04-30:19:36:28,819 INFO     [psi4.driver.driver:528] Return energy(): -3010.486971921291
2026-04-30:19:36:28,858 INFO     [psi4.driver.task_planner:259] PLANNING Atomic:  keywords={'DFT_PRUNING_SCHEME': 'NONE', 'DFT_RADIAL_POINTS': 99, 'DFT_SPHERICAL_POINTS': 590, 'D_CONVERGENCE': 1e-09, 'E_CONVERGENCE': 1e-09, 'SCF__INTS_TOLERANCE': 1e-12, 'REFERENCE': 'RKS', 'SCF_TYPE': 'DF', 'function_kwargs': {}}
2026-04-30:19:36:28,859 INFO     [psi4.driver.driver:525] Compute energy(): method=wb97x, basis=6-311g*, molecule=default, nre=743.5876594217785
2026-04-30:19:37:02,505 INFO     [psi4.driver.driver:528] Return energy(): -3010.4874795252836
2026-04-30:19:37:36,263 INFO     [psi4.driver.task_planner:259] PLANNING Atomic:  keywords={'DFT_PRUNING_SCHEME': 'NONE', 'DFT_RADIAL_POINTS': 99, 'DFT_SPHERICAL_POINTS': 590, 'D_CONVERGENCE': 1e-09, 'E_CONVERGENCE': 1e-09, 'REFERENCE': 'RKS', 'SCF_TYPE': 'DF', 'function_kwargs': {}}
2026-04-30:19:37:36,264 INFO     [psi4.driver.driver:525] Compute energy(): method=wb97x-d, basis=6-311g*, molecule=default, nre=743.5876594217785
2026-04-30:19:38:10,993 INFO     [psi4.driver.driver:528] Return energy(): -3010.4870302540025
2026-04-30:19:38:11,35 INFO     [psi4.driver.task_planner:259] PLANNING Atomic:  keywords={'DFT_PRUNING_SCHEME': 'NONE', 'DFT_RADIAL_POINTS': 99, 'DFT_SPHERICAL_POINTS': 590, 'D_CONVERGENCE': 1e-09, 'E_CONVERGENCE': 1e-09, 'SCF__INTS_TOLERANCE': 1e-12, 'REFERENCE': 'RKS', 'SCF_TYPE': 'DF', 'function_kwargs': {}}
2026-04-30:19:38:11,36 INFO     [psi4.driver.driver:525] Compute energy(): method=wb97x, basis=6-311g*, molecule=default, nre=726.8659573003949
2026-04-30:19:38:45,668 INFO     [psi4.driver.driver:528] Return energy(): -3010.4825458315077
2026-04-30:19:39:23,618 INFO     [psi4.driver.task_planner:259] PLANNING Atomic:  keywords={'DFT_PRUNING_SCHEME': 'NONE', 'DFT_RADIAL_POINTS': 99, 'DFT_SPHERICAL_POINTS': 590, 'D_CONVERGENCE': 1e-09, 'E_CONVERGENCE': 1e-09, 'REFERENCE': 'RKS', 'SCF_TYPE': 'DF', 'function_kwargs': {}}
2026-04-30:19:39:23,620 INFO     [psi4.driver.driver:525] Compute energy(): method=wb97x-d, basis=6-311g*, molecule=default, nre=726.8659573003949
2026-04-30:19:39:57,472 INFO     [psi4.driver.driver:528] Return energy(): -3010.4822264372847
2026-04-30:19:39:57,517 INFO     [psi4.driver.task_planner:259] PLANNING Atomic:  keywords={'DFT_PRUNING_SCHEME': 'NONE', 'DFT_RADIAL_POINTS': 99, 'DFT_SPHERICAL_POINTS': 590, 'D_CONVERGENCE': 1e-09, 'E_CONVERGENCE': 1e-09, 'SCF__INTS_TOLERANCE': 1e-12, 'REFERENCE': 'RKS', 'SCF_TYPE': 'DF', 'function_kwargs': {}}
2026-04-30:19:39:57,519 INFO     [psi4.driver.driver:525] Compute energy(): method=wb97x, basis=6-311g*, molecule=default, nre=704.5584886445101
2026-04-30:19:40:32,703 INFO     [psi4.driver.driver:528] Return energy(): -3010.4666063775608
2026-04-30:19:41:19,560 INFO     [psi4.driver.task_planner:259] PLANNING Atomic:  keywords={'DFT_PRUNING_SCHEME': 'NONE', 'DFT_RADIAL_POINTS': 99, 'DFT_SPHERICAL_POINTS': 590, 'D_CONVERGENCE': 1e-09, 'E_CONVERGENCE': 1e-09, 'REFERENCE': 'RKS', 'SCF_TYPE': 'DF', 'function_kwargs': {}}
2026-04-30:19:41:19,561 INFO     [psi4.driver.driver:525] Compute energy(): method=wb97x-d, basis=6-311g*, molecule=default, nre=704.5584886445101
2026-04-30:19:41:55,9 INFO     [psi4.driver.driver:528] Return energy(): -3010.4673804048166
2026-04-30:19:41:55,55 INFO     [psi4.driver.task_planner:259] PLANNING Atomic:  keywords={'DFT_PRUNING_SCHEME': 'NONE', 'DFT_RADIAL_POINTS': 99, 'DFT_SPHERICAL_POINTS': 590, 'D_CONVERGENCE': 1e-09, 'E_CONVERGENCE': 1e-09, 'SCF__INTS_TOLERANCE': 1e-12, 'REFERENCE': 'RKS', 'SCF_TYPE': 'DF', 'function_kwargs': {}}
2026-04-30:19:41:55,56 INFO     [psi4.driver.driver:525] Compute energy(): method=wb97x, basis=6-311g*, molecule=default, nre=679.4930285565258
