
Scratch directory: /tmp/
   => Libint2 <=

    Primary   basis highest AM E, G, H:  5, 4, 3
    Auxiliary basis highest AM E, G, H:  6, 5, 4
    Onebody   basis highest AM E, G, H:  6, 5, 4
    Solid Harmonics ordering:            gaussian

*** tstart() called on CHEM9LYY31VAWS
*** at Wed Apr 15 11:54:06 2026

   => Loading Basis Set <=

    Name: 6-311G*
    Role: ORBITAL
    Keyword: BASIS
    atoms 1-3, 9, 11, 13  entry C          line   114 file /Users/jfoley19/Code/psi4/objdir-Release/stage/share/psi4/basis/6-311gs.gbs 
    atoms 4-5, 10, 12, 14 entry H          line    37 file /Users/jfoley19/Code/psi4/objdir-Release/stage/share/psi4/basis/6-311gs.gbs 
    atoms 6               entry N          line   133 file /Users/jfoley19/Code/psi4/objdir-Release/stage/share/psi4/basis/6-311gs.gbs 
    atoms 7-8             entry O          line   152 file /Users/jfoley19/Code/psi4/objdir-Release/stage/share/psi4/basis/6-311gs.gbs 
    atoms 15              entry BR         line   819 file /Users/jfoley19/Code/psi4/objdir-Release/stage/share/psi4/basis/6-311gs.gbs 


         ---------------------------------------------------------
                                   SCF
               by Justin Turney, Rob Parrish, Andy Simmonett
                          and Daniel G. A. Smith
                              RHF Reference
                        1 Threads,  22888 MiB Core
         ---------------------------------------------------------

  ==> Geometry <==

    Molecular point group: c1
    Full point group: C1

    Geometry (in Angstrom), charge = 1, multiplicity = 1:

       Center              X                  Y                   Z               Mass       
    ------------   -----------------  -----------------  -----------------  -----------------
         C           -0.511618296797     1.244386024531     0.732140048697    12.000000000000
         C            0.856500593203     1.251903714531     0.717948218697    12.000000000000
         C            1.524118723203     0.024661924531     0.713927788697    12.000000000000
         H           -1.071804396797     2.172682314531     0.745925708697     1.007825032230
         H            1.436128963203     2.163921874531     0.712099008697     1.007825032230
         N            3.008539583203     0.046097104531     0.698823798697    14.003074004430
         O            3.575097303203    -1.082768165469     0.699174708697    15.994914619570
         O            3.542114363203     1.190870854531     0.689202018697    15.994914619570
         C           -0.475464946797    -1.253402765469     0.742118638697    12.000000000000
         H           -1.008574426797    -2.197377955469     0.762945788697     1.007825032230
         C            0.892227703203    -1.221407805469     0.728065818697    12.000000000000
         H            1.498048423203    -2.116244695469     0.729653208697     1.007825032230
         C           -1.267906576797    -0.015841805469     0.712127418697    12.000000000000
         H           -2.116520796797    -0.025293215469     1.403161498697     1.007825032230
         BR          -2.114966986797    -0.034666925469    -1.121874081303    78.918337600000

  Running in c1 symmetry.

  Rotational constants: A =      0.08552  B =      0.01490  C =      0.01402 [cm^-1]
  Rotational constants: A =   2563.79730  B =    446.82573  C =    420.22056 [MHz]
  Nuclear repulsion =  731.022770055459659

  Charge       = 1
  Multiplicity = 1
  Electrons    = 98
  Nalpha       = 49
  Nbeta        = 49

  ==> Algorithm <==

  SCF Algorithm Type is DF.
  DIIS enabled.
  MOM disabled.
  Fractional occupation disabled.
  Guess Type is SAD.
  Energy threshold   = 1.00e-12
  Density threshold  = 1.00e-12
  Integral threshold = 1.00e-12

  ==> Primary Basis <==

  Basis Set: 6-311G*
    Blend: 6-311G*
    Number of shells: 105
    Number of basis functions: 221
    Number of Cartesian functions: 233
    Spherical Harmonics?: true
    Max angular momentum: 2

   => Loading Basis Set <=

    Name: (6-311G* AUX)
    Role: JKFIT
    Keyword: DF_BASIS_SCF
    atoms 1-3, 9, 11, 13  entry C          line   125 file /Users/jfoley19/Code/psi4/objdir-Release/stage/share/psi4/basis/cc-pvtz-jkfit.gbs 
    atoms 4-5, 10, 12, 14 entry H          line    51 file /Users/jfoley19/Code/psi4/objdir-Release/stage/share/psi4/basis/cc-pvtz-jkfit.gbs 
    atoms 6               entry N          line   177 file /Users/jfoley19/Code/psi4/objdir-Release/stage/share/psi4/basis/cc-pvtz-jkfit.gbs 
    atoms 7-8             entry O          line   229 file /Users/jfoley19/Code/psi4/objdir-Release/stage/share/psi4/basis/cc-pvtz-jkfit.gbs 
    atoms 15              entry BR         line  1289 file /Users/jfoley19/Code/psi4/objdir-Release/stage/share/psi4/basis/cc-pvtz-jkfit.gbs 

  ==> Integral Setup <==

  DFHelper Memory: AOs need 0.347 GiB; user supplied 16.764 GiB. 
  Using in-core AOs.

  ==> MemDFJK: Density-Fitted J/K Matrices <==

    J tasked:                   Yes
    K tasked:                   Yes
    wK tasked:                   No
    OpenMP threads:               1
    Memory [MiB]:             17166
    Algorithm:                 Core
    Schwarz Cutoff:           1E-12
    Mask sparsity (%):      15.6221
    Fitting Condition:        1E-10

   => Auxiliary Basis Set <=

  Basis Set: (6-311G* AUX)
    Blend: CC-PVTZ-JKFIT
    Number of shells: 326
    Number of basis functions: 1068
    Number of Cartesian functions: 1308
    Spherical Harmonics?: true
    Max angular momentum: 4

  Minimum eigenvalue in the overlap matrix is 3.1298587452E-04.
  Reciprocal condition number of the overlap matrix is 4.6522332756E-05.
    Using symmetric orthogonalization.

  ==> Pre-Iterations <==

  SCF Guess: Superposition of Atomic Densities via on-the-fly atomic UHF (no occupation information).

   -------------------------
    Irrep   Nso     Nmo    
   -------------------------
     A        221     221 
   -------------------------
    Total     221     221
   -------------------------

  ==> Iterations <==

                           Total Energy        Delta E     RMS |[F,P]|

   @DF-RHF iter SAD: -3004.15124359549463   -3.00415e+03   0.00000e+00 
   @DF-RHF iter   1: -3005.75945537139796   -1.60821e+00   8.33938e-03 ADIIS/DIIS
   @DF-RHF iter   2: -3006.02028566399895   -2.60830e-01   5.81593e-03 ADIIS/DIIS
   @DF-RHF iter   3: -3006.27264689056665   -2.52361e-01   5.95358e-04 ADIIS/DIIS
   @DF-RHF iter   4: -3006.27941636142623   -6.76947e-03   2.71640e-04 ADIIS/DIIS
   @DF-RHF iter   5: -3006.28118530345910   -1.76894e-03   4.58173e-05 DIIS
   @DF-RHF iter   6: -3006.28130309678090   -1.17793e-04   1.99541e-05 DIIS
   @DF-RHF iter   7: -3006.28132543569973   -2.23389e-05   7.58937e-06 DIIS
   @DF-RHF iter   8: -3006.28133016821539   -4.73252e-06   2.77762e-06 DIIS
   @DF-RHF iter   9: -3006.28133084274714   -6.74532e-07   1.12571e-06 DIIS
   @DF-RHF iter  10: -3006.28133094884151   -1.06094e-07   3.79612e-07 DIIS
   @DF-RHF iter  11: -3006.28133096266265   -1.38211e-08   1.43142e-07 DIIS
   @DF-RHF iter  12: -3006.28133096443707   -1.77442e-09   5.85139e-08 DIIS
   @DF-RHF iter  13: -3006.28133096483816   -4.01087e-10   2.82887e-08 DIIS
   @DF-RHF iter  14: -3006.28133096494003   -1.01863e-10   1.18891e-08 DIIS
   @DF-RHF iter  15: -3006.28133096496003   -2.00089e-11   5.50389e-09 DIIS
   @DF-RHF iter  16: -3006.28133096496049   -4.54747e-13   3.05507e-09 DIIS
   @DF-RHF iter  17: -3006.28133096496231   -1.81899e-12   1.54129e-09 DIIS
   @DF-RHF iter  18: -3006.28133096496595   -3.63798e-12   8.76584e-10 DIIS
   @DF-RHF iter  19: -3006.28133096496413    1.81899e-12   3.53928e-10 DIIS
   @DF-RHF iter  20: -3006.28133096496595   -1.81899e-12   1.42700e-10 DIIS
   @DF-RHF iter  21: -3006.28133096496595    0.00000e+00   6.91023e-11 DIIS
   @DF-RHF iter  22: -3006.28133096496640   -4.54747e-13   3.16052e-11 DIIS
   @DF-RHF iter  23: -3006.28133096496413    2.27374e-12   1.42026e-11 DIIS
   @DF-RHF iter  24: -3006.28133096496549   -1.36424e-12   6.10230e-12 DIIS
   @DF-RHF iter  25: -3006.28133096496458    9.09495e-13   2.77643e-12 DIIS
   @DF-RHF iter  26: -3006.28133096496367    9.09495e-13   1.07171e-12 DIIS
   @DF-RHF iter  27: -3006.28133096496276    9.09495e-13   4.85337e-13 DIIS
  Energy and wave function converged.


  ==> Post-Iterations <==

    Orbital Energies [Eh]
    ---------------------

    Doubly Occupied:                                                      

       1A   -490.228052     2A    -65.361425     3A    -58.721905  
       4A    -58.719392     5A    -58.719377     6A    -20.788219  
       7A    -20.788171     8A    -16.033659     9A    -11.577718  
      10A    -11.528003    11A    -11.522634    12A    -11.522513  
      13A    -11.469414    14A    -11.469391    15A    -10.041267  
      16A     -7.656483    17A     -7.645098    18A     -7.644922  
      19A     -3.396721    20A     -3.391607    21A     -3.391453  
      22A     -3.377665    23A     -3.377665    24A     -1.750924  
      25A     -1.558753    26A     -1.423052    27A     -1.320715  
      28A     -1.278780    29A     -1.211056    30A     -1.137790  
      31A     -1.081172    32A     -1.039836    33A     -0.967938  
      34A     -0.907539    35A     -0.906081    36A     -0.875319  
      37A     -0.864511    38A     -0.861073    39A     -0.842263  
      40A     -0.800446    41A     -0.740347    42A     -0.737625  
      43A     -0.673307    44A     -0.671831    45A     -0.658345  
      46A     -0.625540    47A     -0.609920    48A     -0.602991  
      49A     -0.567727  

    Virtual:                                                              

      50A     -0.245031    51A     -0.106190    52A     -0.083135  
      53A     -0.050794    54A     -0.012042    55A      0.016605  
      56A      0.023945    57A      0.063954    58A      0.075734  
      59A      0.097704    60A      0.119903    61A      0.150525  
      62A      0.168916    63A      0.224382    64A      0.235269  
      65A      0.244880    66A      0.254047    67A      0.256778  
      68A      0.285252    69A      0.303139    70A      0.311840  
      71A      0.338077    72A      0.351734    73A      0.352856  
      74A      0.374476    75A      0.382697    76A      0.402459  
      77A      0.415355    78A      0.429279    79A      0.433080  
      80A      0.454118    81A      0.474471    82A      0.496588  
      83A      0.522774    84A      0.548817    85A      0.550399  
      86A      0.572346    87A      0.589858    88A      0.605990  
      89A      0.612838    90A      0.627592    91A      0.628842  
      92A      0.649088    93A      0.676597    94A      0.695573  
      95A      0.714349    96A      0.731421    97A      0.745151  
      98A      0.751251    99A      0.798885   100A      0.810101  
     101A      0.833262   102A      0.844431   103A      0.863717  
     104A      0.867813   105A      0.885211   106A      0.916619  
     107A      0.918100   108A      0.938343   109A      0.978789  
     110A      0.997876   111A      1.017201   112A      1.050734  
     113A      1.057772   114A      1.108464   115A      1.129354  
     116A      1.193370   117A      1.196568   118A      1.200181  
     119A      1.230312   120A      1.234950   121A      1.243675  
     122A      1.359970   123A      1.461937   124A      1.468405  
     125A      1.474581   126A      1.507493   127A      1.511583  
     128A      1.637636   129A      1.668707   130A      1.716422  
     131A      1.730065   132A      1.752186   133A      1.779364  
     134A      1.803244   135A      1.835006   136A      1.842457  
     137A      1.890245   138A      1.938315   139A      1.947115  
     140A      1.975228   141A      2.015522   142A      2.022687  
     143A      2.055279   144A      2.068088   145A      2.170395  
     146A      2.178389   147A      2.229597   148A      2.246193  
     149A      2.286076   150A      2.361933   151A      2.378658  
     152A      2.396500   153A      2.414085   154A      2.441137  
     155A      2.502406   156A      2.547166   157A      2.630613  
     158A      2.647981   159A      2.713942   160A      2.735630  
     161A      2.838363   162A      2.881823   163A      2.964638  
     164A      2.982252   165A      3.014765   166A      3.026988  
     167A      3.045624   168A      3.055829   169A      3.082256  
     170A      3.200263   171A      3.248753   172A      3.258511  
     173A      3.325579   174A      3.366095   175A      3.398746  
     176A      3.455004   177A      3.483710   178A      3.502267  
     179A      3.523964   180A      3.549279   181A      3.607266  
     182A      3.695756   183A      3.729296   184A      3.805262  
     185A      3.827242   186A      3.942292   187A      3.963277  
     188A      4.081516   189A      4.133357   190A      4.521517  
     191A      4.526533   192A      4.600348   193A      4.642604  
     194A      4.706363   195A      4.815685   196A      4.855589  
     197A      4.892338   198A      5.192058   199A      5.202876  
     200A      5.290822   201A      5.312251   202A      5.870829  
     203A      6.319892   204A      6.897602   205A      7.947518  
     206A      7.952883   207A      8.061353   208A     24.117066  
     209A     24.598972   210A     24.693663   211A     24.808970  
     212A     25.008190   213A     25.055603   214A     36.494484  
     215A     49.180741   216A     51.310548   217A     51.403039  
     218A    293.628251   219A    293.631341   220A    293.766389  
     221A   1028.093040  

    Final Occupation by Irrep:
              A 
    DOCC [    49 ]
    NA   [    49 ]
    NB   [    49 ]

  @DF-RHF Final Energy: -3006.28133096496276

   => Energetics <=

    Nuclear Repulsion Energy =            731.0227700554596595
    One-Electron Energy =               -5608.4329376902305739
    Two-Electron Energy =                1871.1288366698076970
    Total Energy =                      -3006.2813309649632174

Computation Completed


Properties will be evaluated at   0.000000,   0.000000,   0.000000 [a0]

Properties computed using the SCF density matrix


 Multipole Moments:

 ------------------------------------------------------------------------------------
     Multipole            Electronic (a.u.)      Nuclear  (a.u.)        Total (a.u.)
 ------------------------------------------------------------------------------------

 L = 1.  Multiply by 2.5417464519 to convert [e a0] to [Debye]
 Dipole X            :        -18.1816896           16.6636935           -1.5179961
 Dipole Y            :         -0.3070029            0.2903430           -0.0166599
 Dipole Z            :        -12.2004500           13.5397750            1.3393251
 Magnitude           :                                                    2.0244459

 ------------------------------------------------------------------------------------

*** tstop() called on CHEM9LYY31VAWS at Wed Apr 15 11:54:10 2026
Module time:
	user time   =       4.55 seconds =       0.08 minutes
	system time =       0.64 seconds =       0.01 minutes
	total time  =          4 seconds =       0.07 minutes
Total time:
	user time   =       4.55 seconds =       0.08 minutes
	system time =       0.64 seconds =       0.01 minutes
	total time  =          4 seconds =       0.07 minutes

Scratch directory: /tmp/
   => Libint2 <=

    Primary   basis highest AM E, G, H:  5, 4, 3
    Auxiliary basis highest AM E, G, H:  6, 5, 4
    Onebody   basis highest AM E, G, H:  6, 5, 4
    Solid Harmonics ordering:            gaussian

*** tstart() called on CHEM9LYY31VAWS
*** at Wed Apr 15 11:54:10 2026

   => Loading Basis Set <=

    Name: 6-311G*
    Role: ORBITAL
    Keyword: BASIS
    atoms 1-3, 9, 11, 13  entry C          line   114 file /Users/jfoley19/Code/psi4/objdir-Release/stage/share/psi4/basis/6-311gs.gbs 
    atoms 4-5, 10, 12, 14 entry H          line    37 file /Users/jfoley19/Code/psi4/objdir-Release/stage/share/psi4/basis/6-311gs.gbs 
    atoms 6               entry N          line   133 file /Users/jfoley19/Code/psi4/objdir-Release/stage/share/psi4/basis/6-311gs.gbs 
    atoms 7-8             entry O          line   152 file /Users/jfoley19/Code/psi4/objdir-Release/stage/share/psi4/basis/6-311gs.gbs 
    atoms 15              entry BR         line   819 file /Users/jfoley19/Code/psi4/objdir-Release/stage/share/psi4/basis/6-311gs.gbs 


         ---------------------------------------------------------
                                   SCF
               by Justin Turney, Rob Parrish, Andy Simmonett
                          and Daniel G. A. Smith
                              RKS Reference
                        1 Threads,  22888 MiB Core
         ---------------------------------------------------------

  ==> Geometry <==

    Molecular point group: c1
    Full point group: C1

    Geometry (in Angstrom), charge = 1, multiplicity = 1:

       Center              X                  Y                   Z               Mass       
    ------------   -----------------  -----------------  -----------------  -----------------
         C           -0.511618296797     1.244386024531     0.732140048697    12.000000000000
         C            0.856500593203     1.251903714531     0.717948218697    12.000000000000
         C            1.524118723203     0.024661924531     0.713927788697    12.000000000000
         H           -1.071804396797     2.172682314531     0.745925708697     1.007825032230
         H            1.436128963203     2.163921874531     0.712099008697     1.007825032230
         N            3.008539583203     0.046097104531     0.698823798697    14.003074004430
         O            3.575097303203    -1.082768165469     0.699174708697    15.994914619570
         O            3.542114363203     1.190870854531     0.689202018697    15.994914619570
         C           -0.475464946797    -1.253402765469     0.742118638697    12.000000000000
         H           -1.008574426797    -2.197377955469     0.762945788697     1.007825032230
         C            0.892227703203    -1.221407805469     0.728065818697    12.000000000000
         H            1.498048423203    -2.116244695469     0.729653208697     1.007825032230
         C           -1.267906576797    -0.015841805469     0.712127418697    12.000000000000
         H           -2.116520796797    -0.025293215469     1.403161498697     1.007825032230
         BR          -2.114966986797    -0.034666925469    -1.121874081303    78.918337600000

  Running in c1 symmetry.

  Rotational constants: A =      0.08552  B =      0.01490  C =      0.01402 [cm^-1]
  Rotational constants: A =   2563.79730  B =    446.82573  C =    420.22056 [MHz]
  Nuclear repulsion =  731.022770055459659

  Charge       = 1
  Multiplicity = 1
  Electrons    = 98
  Nalpha       = 49
  Nbeta        = 49

  ==> Algorithm <==

  SCF Algorithm Type is DF.
  DIIS enabled.
  MOM disabled.
  Fractional occupation disabled.
  Guess Type is SAD.
  Energy threshold   = 1.00e-12
  Density threshold  = 1.00e-12
  Integral threshold = 1.00e-12

  ==> Primary Basis <==

  Basis Set: 6-311G*
    Blend: 6-311G*
    Number of shells: 105
    Number of basis functions: 221
    Number of Cartesian functions: 233
    Spherical Harmonics?: true
    Max angular momentum: 2

  ==> DFT Potential <==

   => LibXC <=

    Version 6.1.0
    S. Lehtola, C. Steigemann, M. J.T. Oliveira, and M. A.L. Marques.,  SoftwareX 7, 1–5 (2018) (10.1016/j.softx.2017.11.002)

   => Composite Functional: WB97X <= 

    wB97X Hyb-GGA Exchange-Correlation Functional

    J.-D. Chai and M. Head-Gordon.,  J. Chem. Phys. 128, 084106 (2008) (10.1063/1.2834918)

    Deriv               =              1
    GGA                 =           TRUE
    Meta                =          FALSE

    Exchange Hybrid     =           TRUE
    MP2 Hybrid          =          FALSE

   => Exchange-Correlation Functionals <=

    1.0000   wB97X range-separated functional

   => Exact (HF) Exchange <=

    0.8423            HF,LR [omega = 0.3000]
    0.1577               HF 

   => LibXC Density Thresholds  <==

    XC_HYB_GGA_XC_WB97X:  1.00E-14 

   => Molecular Quadrature <=

    Radial Scheme          =       TREUTLER
    Pruning Scheme         =           NONE
    Nuclear Scheme         =       TREUTLER

    Blocking Scheme        =         OCTREE
    BS radius alpha        =              1
    Pruning alpha          =              1
    Radial Points          =             99
    Spherical Points       =            590
    Total Points           =         806584
    Total Blocks           =           5640
    Max Points             =            256
    Max Functions          =            174
    Weights Tolerance      =       1.00E-15

   => Loading Basis Set <=

    Name: (6-311G* AUX)
    Role: JKFIT
    Keyword: DF_BASIS_SCF
    atoms 1-3, 9, 11, 13  entry C          line   125 file /Users/jfoley19/Code/psi4/objdir-Release/stage/share/psi4/basis/cc-pvtz-jkfit.gbs 
    atoms 4-5, 10, 12, 14 entry H          line    51 file /Users/jfoley19/Code/psi4/objdir-Release/stage/share/psi4/basis/cc-pvtz-jkfit.gbs 
    atoms 6               entry N          line   177 file /Users/jfoley19/Code/psi4/objdir-Release/stage/share/psi4/basis/cc-pvtz-jkfit.gbs 
    atoms 7-8             entry O          line   229 file /Users/jfoley19/Code/psi4/objdir-Release/stage/share/psi4/basis/cc-pvtz-jkfit.gbs 
    atoms 15              entry BR         line  1289 file /Users/jfoley19/Code/psi4/objdir-Release/stage/share/psi4/basis/cc-pvtz-jkfit.gbs 

  ==> Integral Setup <==

  DFHelper Memory: AOs need 1.002 GiB; user supplied 13.750 GiB. 
  Using in-core AOs.

