
Scratch directory: /tmp/
   => Libint2 <=

    Primary   basis highest AM E, G, H:  7, 6, 3
    Auxiliary basis highest AM E, G, H:  7, 7, 4
    Onebody   basis highest AM E, G, H:  -, -, -
    Solid Harmonics ordering:            Gaussian

*** tstart() called on CHEM4VYDH4JALT
*** at Thu Jul  9 09:04:22 2026

   => Loading Basis Set <=

    Name: 6-31G
    Role: ORBITAL
    Keyword: BASIS
    atoms 1-4, 11, 13 entry C          line    87 file /Users/jfoley19/miniforge3/envs/p4dev/share/psi4/basis/6-31g.gbs 
    atoms 5-7, 12, 14 entry H          line    26 file /Users/jfoley19/miniforge3/envs/p4dev/share/psi4/basis/6-31g.gbs 
    atoms 8           entry N          line   102 file /Users/jfoley19/miniforge3/envs/p4dev/share/psi4/basis/6-31g.gbs 
    atoms 9-10        entry O          line   117 file /Users/jfoley19/miniforge3/envs/p4dev/share/psi4/basis/6-31g.gbs 
    atoms 15          entry BR         line   886 file /Users/jfoley19/miniforge3/envs/p4dev/share/psi4/basis/6-31g.gbs 


         ---------------------------------------------------------
                                   SCF
               by Justin Turney, Rob Parrish, Andy Simmonett
                          and Daniel G. A. Smith
                              RHF Reference
                        4 Threads,  15258 MiB Core
         ---------------------------------------------------------

  ==> Geometry <==

    Molecular point group: c1
    Full point group: C1

    Geometry (in Angstrom), charge = 1, multiplicity = 1:

       Center              X                  Y                   Z               Mass       
    ------------   -----------------  -----------------  -----------------  -----------------
         C           -1.804928163307     1.957993763262     0.703312273806    12.000000000000
         C           -0.379708783307     1.994122833262     0.698532703806    12.000000000000
         C            0.296125016693     0.817793533262     0.710271493806    12.000000000000
         C           -2.520286433307     0.755089873262     0.736288843806    12.000000000000
         H           -2.344947113307     2.899196893262     0.691895063806     1.007825032230
         H            0.158564066693     2.933869823262     0.699142733806     1.007825032230
         H           -3.601954283307     0.764862203262     0.746931053806     1.007825032230
         N            1.767881836693     0.820900013262     0.771891313806    14.003074004430
         O            2.315054046693    -0.296733496738     0.879853723806    15.994914619570
         O            2.340645916693     1.923356243262     0.711986073806    15.994914619570
         C           -1.829967733307    -0.442167236738     0.756258983806    12.000000000000
         H           -2.356763623307    -1.389967436738     0.789740873806     1.007825032230
         C           -0.361341153307    -0.491572936738     0.714148383806    12.000000000000
         H            0.119338216693    -1.238105076738     1.350400383806     1.007825032230
         BR          -0.151212663307    -1.224162306738    -1.170925976194    78.918337600000

  Running in c1 symmetry.

  Rotational constants: A =      0.03880  B =      0.03200  C =      0.01987 [cm^-1]
  Rotational constants: A =   1163.28658  B =    959.41881  C =    595.75732 [MHz]
  Nuclear repulsion =  772.892105981536133

  Charge       = 1
  Multiplicity = 1
  Electrons    = 98
  Nalpha       = 49
  Nbeta        = 49

  ==> Algorithm <==

  SCF Algorithm Type is DF.
  DIIS enabled.
  MOM disabled.
  Fractional occupation disabled.
  Guess Type is SAD.
  Energy threshold   = 1.00e-08
  Density threshold  = 1.00e-08
  Integral threshold = 1.00e-12

  ==> Primary Basis <==

  Basis Set: 6-31G
    Blend: 6-31G
    Number of shells: 66
    Number of basis functions: 120
    Number of Cartesian functions: 120
    Spherical Harmonics?: false
    Max angular momentum: 2

   => Loading Basis Set <=

    Name: (6-31G AUX)
    Role: JKFIT
    Keyword: DF_BASIS_SCF
    atoms 1-4, 11, 13 entry C          line   121 file /Users/jfoley19/miniforge3/envs/p4dev/share/psi4/basis/cc-pvdz-jkfit.gbs 
    atoms 5-7, 12, 14 entry H          line    51 file /Users/jfoley19/miniforge3/envs/p4dev/share/psi4/basis/cc-pvdz-jkfit.gbs 
    atoms 8           entry N          line   171 file /Users/jfoley19/miniforge3/envs/p4dev/share/psi4/basis/cc-pvdz-jkfit.gbs 
    atoms 9-10        entry O          line   221 file /Users/jfoley19/miniforge3/envs/p4dev/share/psi4/basis/cc-pvdz-jkfit.gbs 
    atoms 15          entry BR         line  1219 file /Users/jfoley19/miniforge3/envs/p4dev/share/psi4/basis/cc-pvdz-jkfit.gbs 

  ==> Integral Setup <==

  DFHelper Memory: AOs need 0.117 GiB; user supplied 11.176 GiB. 
  SCF_SUBTYPE=INCORE selected. In-core MEM_DF algorithm will be used.
  Using in-core AOs.

  ==> MemDFJK: Density-Fitted J/K Matrices <==

    J tasked:                   Yes
    K tasked:                   Yes
    wK tasked:                   No
    OpenMP threads:               4
    Memory [MiB]:             11444
    Algorithm:                 Core
    Schwarz Cutoff:           1E-12
    Mask sparsity (%):       7.9306
    Fitting Condition:        1E-10

   => Auxiliary Basis Set <=

  Basis Set: (6-31G AUX)
    Blend: CC-PVDZ-JKFIT
    Number of shells: 308
    Number of basis functions: 1063
    Number of Cartesian functions: 1063
    Spherical Harmonics?: false
    Max angular momentum: 3

  Minimum eigenvalue in the overlap matrix is 9.6915380362E-04.
  Reciprocal condition number of the overlap matrix is 1.7005789428E-04.
    Using symmetric orthogonalization.

  ==> Pre-Iterations <==

  SCF Guess: Superposition of Atomic Densities via on-the-fly atomic UHF (no occupation information).

   -------------------------
    Irrep   Nso     Nmo    
   -------------------------
     A        120     120 
   -------------------------
    Total     120     120
   -------------------------

  ==> Iterations <==

                           Total Energy        Delta E     RMS |[F,P]|

   @DF-RHF iter SAD: -2994.27113631132534   -2.99427e+03   0.00000e+00 
   @DF-RHF iter   1: -2977.19520303455238    1.70759e+01   4.36060e-02 DIIS/ADIIS
   @DF-RHF iter   2: -2945.41523352403237    3.17800e+01   6.04909e-02 DIIS/ADIIS
   @DF-RHF iter   3: -2992.02277755376963   -4.66075e+01   3.57410e-02 DIIS/ADIIS
   @DF-RHF iter   4: -2994.36933190232048   -2.34655e+00   2.54520e-02 DIIS/ADIIS
   @DF-RHF iter   5: -3002.83096330884337   -8.46163e+00   1.35935e-02 DIIS/ADIIS
   @DF-RHF iter   6: -3004.57966825597578   -1.74870e+00   6.04748e-03 DIIS/ADIIS
   @DF-RHF iter   7: -3004.91505299404480   -3.35385e-01   2.22190e-03 DIIS/ADIIS
   @DF-RHF iter   8: -3004.98771412148017   -7.26611e-02   8.73011e-04 DIIS/ADIIS
   @DF-RHF iter   9: -3004.99931727499325   -1.16032e-02   3.41303e-04 DIIS/ADIIS
   @DF-RHF iter  10: -3005.00202247452398   -2.70520e-03   1.80030e-04 DIIS/ADIIS
   @DF-RHF iter  11: -3005.00273810902127   -7.15634e-04   1.13665e-04 DIIS/ADIIS
   @DF-RHF iter  12: -3005.00305666908889   -3.18560e-04   5.52240e-05 DIIS
   @DF-RHF iter  13: -3005.00317303373367   -1.16365e-04   1.96413e-05 DIIS
   @DF-RHF iter  14: -3005.00318950885412   -1.64751e-05   8.75792e-06 DIIS
   @DF-RHF iter  15: -3005.00319144396235   -1.93511e-06   2.90338e-06 DIIS
   @DF-RHF iter  16: -3005.00319183278680   -3.88824e-07   1.05811e-06 DIIS
   @DF-RHF iter  17: -3005.00319187132618   -3.85394e-08   4.42710e-07 DIIS
   @DF-RHF iter  18: -3005.00319187737387   -6.04769e-09   2.10308e-07 DIIS
   @DF-RHF iter  19: -3005.00319187914010   -1.76624e-09   9.08151e-08 DIIS
   @DF-RHF iter  20: -3005.00319187956620   -4.26098e-10   4.49188e-08 DIIS
   @DF-RHF iter  21: -3005.00319187966670   -1.00499e-10   2.36070e-08 DIIS
   @DF-RHF iter  22: -3005.00319187968489   -1.81899e-11   1.17038e-08 DIIS
   @DF-RHF iter  23: -3005.00319187969171   -6.82121e-12   6.90505e-09 DIIS
  Energy and wave function converged.


  ==> Post-Iterations <==

    Orbital Energies [Eh]
    ---------------------

    Doubly Occupied:                                                      

       1A   -490.262477     2A    -65.416725     3A    -58.780338  
       4A    -58.777256     5A    -58.777247     6A    -20.793929  
       7A    -20.792350     8A    -16.026865     9A    -11.562137  
      10A    -11.547368    11A    -11.542771    12A    -11.538124  
      13A    -11.495017    14A    -11.481310    15A    -10.055093  
      16A     -7.671213    17A     -7.657915    18A     -7.657692  
      19A     -3.252684    20A     -3.247382    21A     -3.247212  
      22A     -3.231824    23A     -3.231810    24A     -1.784446  
      25A     -1.579776    26A     -1.435108    27A     -1.317329  
      28A     -1.306261    29A     -1.199901    30A     -1.152832  
      31A     -1.092474    32A     -1.037167    33A     -0.969076  
      34A     -0.914026    35A     -0.905097    36A     -0.892755  
      37A     -0.879293    38A     -0.858023    39A     -0.848322  
      40A     -0.783750    41A     -0.757155    42A     -0.740355  
      43A     -0.666853    44A     -0.663717    45A     -0.652227  
      46A     -0.629796    47A     -0.605873    48A     -0.599153  
      49A     -0.575595  

    Virtual:                                                              

      50A     -0.244103    51A     -0.128361    52A     -0.072539  
      53A     -0.034474    54A      0.030465    55A      0.069172  
      56A      0.087985    57A      0.102894    58A      0.132352  
      59A      0.134428    60A      0.148728    61A      0.195797  
      62A      0.205978    63A      0.232918    64A      0.258359  
      65A      0.274980    66A      0.290670    67A      0.317007  
      68A      0.350711    69A      0.365440    70A      0.384989  
      71A      0.455299    72A      0.456974    73A      0.508680  
      74A      0.565069    75A      0.581987    76A      0.600780  
      77A      0.620076    78A      0.632526    79A      0.644736  
      80A      0.650820    81A      0.664954    82A      0.684063  
      83A      0.696115    84A      0.734921    85A      0.789521  
      86A      0.804196    87A      0.868302    88A      0.888428  
      89A      0.893906    90A      0.918658    91A      0.924031  
      92A      0.945623    93A      0.969913    94A      0.997305  
      95A      1.015897    96A      1.031965    97A      1.051025  
      98A      1.089674    99A      1.097714   100A      1.132107  
     101A      1.147320   102A      1.162507   103A      1.196307  
     104A      1.215143   105A      1.243273   106A      1.333934  
     107A      1.389372   108A      1.417699   109A      1.538668  
     110A      1.617566   111A      1.794197   112A      1.807518  
     113A      1.971870   114A      3.665746   115A      4.277635  
     116A      4.281041   117A      4.286172   118A      4.299647  
     119A      4.379321   120A     69.609761  

    Final Occupation by Irrep:
              A 
    DOCC [    49 ]
    NA   [    49 ]
    NB   [    49 ]

  @DF-RHF Final Energy: -3005.00319187969171

   => Energetics <=

    Nuclear Repulsion Energy =            772.8921059815361332
    One-Electron Energy =               -5690.0044024233020536
    Two-Electron Energy =                1912.1091045620746627
    Total Energy =                      -3005.0031918796917125

Computation Completed


Properties will be evaluated at   0.000000,   0.000000,   0.000000 [a0]

Properties computed using the SCF density matrix


 Multipole Moments:

 ------------------------------------------------------------------------------------
     Multipole            Electronic (a.u.)      Nuclear  (a.u.)        Total (a.u.)
 ------------------------------------------------------------------------------------

 L = 1.  Multiply by 2.5417464519 to convert [e a0] to [Debye]
 Dipole X            :          2.4068373           -6.2324621           -3.8256247
 Dipole Y            :        -12.9048318           14.0425864            1.1377546
 Dipole Z            :        -12.6523618           13.8829384            1.2305766
 Magnitude           :                                                    4.1766265

 ------------------------------------------------------------------------------------

*** tstop() called on CHEM4VYDH4JALT at Thu Jul  9 09:04:23 2026
Module time:
	user time   =       3.00 seconds =       0.05 minutes
	system time =       0.16 seconds =       0.00 minutes
	total time  =          1 seconds =       0.02 minutes
Total time:
	user time   =       3.00 seconds =       0.05 minutes
	system time =       0.16 seconds =       0.00 minutes
	total time  =          1 seconds =       0.02 minutes
    Molecular point group: c1
    Full point group: C1

    Geometry (in Angstrom), charge = 1, multiplicity = 1:

       Center              X                  Y                   Z               Mass       
    ------------   -----------------  -----------------  -----------------  -----------------
         C           -1.804928163307     1.957993763262     0.703312273806    12.000000000000
         C           -0.379708783307     1.994122833262     0.698532703806    12.000000000000
         C            0.296125016693     0.817793533262     0.710271493806    12.000000000000
         C           -2.520286433307     0.755089873262     0.736288843806    12.000000000000
         H           -2.344947113307     2.899196893262     0.691895063806     1.007825032230
         H            0.158564066693     2.933869823262     0.699142733806     1.007825032230
         H           -3.601954283307     0.764862203262     0.746931053806     1.007825032230
         N            1.767881836693     0.820900013262     0.771891313806    14.003074004430
         O            2.315054046693    -0.296733496738     0.879853723806    15.994914619570
         O            2.340645916693     1.923356243262     0.711986073806    15.994914619570
         C           -1.829967733307    -0.442167236738     0.756258983806    12.000000000000
         H           -2.356763623307    -1.389967436738     0.789740873806     1.007825032230
         C           -0.361341153307    -0.491572936738     0.714148383806    12.000000000000
         H            0.119338216693    -1.238105076738     1.350400383806     1.007825032230
         BR          -0.151212663307    -1.224162306738    -1.170925976194    78.918337600000

  -AO BASIS SET INFORMATION:
    Name                   = 6-31G
    Blend                  = 6-31G
    Total number of shells = 66
    Number of primitives   = 188
    Number of AO           = 120
    Number of SO           = 120
    Maximum AM             = 2
    Spherical Harmonics    = FALSE

  -Contraction Scheme:
    Atom   Type   All Primitives // Shells:
   ------ ------ --------------------------
       1     C     10s 4p // 3s 2p 
       2     C     10s 4p // 3s 2p 
       3     C     10s 4p // 3s 2p 
       4     C     10s 4p // 3s 2p 
       5     H     4s // 2s 
       6     H     4s // 2s 
       7     H     4s // 2s 
       8     N     10s 4p // 3s 2p 
       9     O     10s 4p // 3s 2p 
      10     O     10s 4p // 3s 2p 
      11     C     10s 4p // 3s 2p 
      12     H     4s // 2s 
      13     C     10s 4p // 3s 2p 
      14     H     4s // 2s 
      15    BR     22s 16p 4d // 5s 4p 2d 

  ==> AO Basis Functions <==

    [ 6-31G ]
    cartesian
    ****
    C   1
    S   6 1.00
                      3047.52490000           0.00183470
                       457.36951000           0.01403730
                       103.94869000           0.06884260
                        29.21015500           0.23218440
                         9.28666300           0.46794130
                         3.16392700           0.36231200
    S   3 1.00
                         7.86827240          -0.11933240
                         1.88128850          -0.16085420
                         0.54424930           1.14345640
    P   3 1.00
                         7.86827240           0.06899910
                         1.88128850           0.31642400
                         0.54424930           0.74430830
    S   1 1.00
                         0.16871440           1.00000000
    P   1 1.00
                         0.16871440           1.00000000
    ****
    C   2
    S   6 1.00
                      3047.52490000           0.00183470
                       457.36951000           0.01403730
                       103.94869000           0.06884260
                        29.21015500           0.23218440
                         9.28666300           0.46794130
                         3.16392700           0.36231200
    S   3 1.00
                         7.86827240          -0.11933240
                         1.88128850          -0.16085420
                         0.54424930           1.14345640
    P   3 1.00
                         7.86827240           0.06899910
                         1.88128850           0.31642400
                         0.54424930           0.74430830
    S   1 1.00
                         0.16871440           1.00000000
    P   1 1.00
                         0.16871440           1.00000000
    ****
    C   3
    S   6 1.00
                      3047.52490000           0.00183470
                       457.36951000           0.01403730
                       103.94869000           0.06884260
                        29.21015500           0.23218440
                         9.28666300           0.46794130
                         3.16392700           0.36231200
    S   3 1.00
                         7.86827240          -0.11933240
                         1.88128850          -0.16085420
                         0.54424930           1.14345640
    P   3 1.00
                         7.86827240           0.06899910
                         1.88128850           0.31642400
                         0.54424930           0.74430830
    S   1 1.00
                         0.16871440           1.00000000
    P   1 1.00
                         0.16871440           1.00000000
    ****
    C   4
    S   6 1.00
                      3047.52490000           0.00183470
                       457.36951000           0.01403730
                       103.94869000           0.06884260
                        29.21015500           0.23218440
                         9.28666300           0.46794130
                         3.16392700           0.36231200
    S   3 1.00
                         7.86827240          -0.11933240
                         1.88128850          -0.16085420
                         0.54424930           1.14345640
    P   3 1.00
                         7.86827240           0.06899910
                         1.88128850           0.31642400
                         0.54424930           0.74430830
    S   1 1.00
                         0.16871440           1.00000000
    P   1 1.00
                         0.16871440           1.00000000
    ****
    H   5
    S   3 1.00
                        18.73113700           0.03349460
                         2.82539370           0.23472695
                         0.64012170           0.81375733
    S   1 1.00
                         0.16127780           1.00000000
    ****
    H   6
    S   3 1.00
                        18.73113700           0.03349460
                         2.82539370           0.23472695
                         0.64012170           0.81375733
    S   1 1.00
                         0.16127780           1.00000000
    ****
    H   7
    S   3 1.00
                        18.73113700           0.03349460
                         2.82539370           0.23472695
                         0.64012170           0.81375733
    S   1 1.00
                         0.16127780           1.00000000
    ****
    N   8
    S   6 1.00
                      4173.51100000           0.00183480
                       627.45790000           0.01399500
                       142.90210000           0.06858700
                        40.23433000           0.23224100
                        12.82021000           0.46907000
                         4.39043700           0.36045500
    S   3 1.00
                        11.62635800          -0.11496100
                         2.71628000          -0.16911800
                         0.77221800           1.14585200
    P   3 1.00
                        11.62635800           0.06758000
                         2.71628000           0.32390700
                         0.77221800           0.74089500
    S   1 1.00
                         0.21203130           1.00000000
    P   1 1.00
                         0.21203130           1.00000000
    ****
    O   9
    S   6 1.00
                      5484.67170000           0.00183110
                       825.23495000           0.01395010
                       188.04696000           0.06844510
                        52.96450000           0.23271430
                        16.89757000           0.47019300
                         5.79963530           0.35852090
    S   3 1.00
                        15.53961600          -0.11077750
                         3.59993360          -0.14802630
                         1.01376180           1.13076700
    P   3 1.00
                        15.53961600           0.07087430
                         3.59993360           0.33975280
                         1.01376180           0.72715860
    S   1 1.00
                         0.27000580           1.00000000
    P   1 1.00
                         0.27000580           1.00000000
    ****
    O  10
    S   6 1.00
                      5484.67170000           0.00183110
                       825.23495000           0.01395010
                       188.04696000           0.06844510
                        52.96450000           0.23271430
                        16.89757000           0.47019300
                         5.79963530           0.35852090
    S   3 1.00
                        15.53961600          -0.11077750
                         3.59993360          -0.14802630
                         1.01376180           1.13076700
    P   3 1.00
                        15.53961600           0.07087430
                         3.59993360           0.33975280
                         1.01376180           0.72715860
    S   1 1.00
                         0.27000580           1.00000000
    P   1 1.00
                         0.27000580           1.00000000
    ****
    C  11
    S   6 1.00
                      3047.52490000           0.00183470
                       457.36951000           0.01403730
                       103.94869000           0.06884260
                        29.21015500           0.23218440
                         9.28666300           0.46794130
                         3.16392700           0.36231200
    S   3 1.00
                         7.86827240          -0.11933240
                         1.88128850          -0.16085420
                         0.54424930           1.14345640
    P   3 1.00
                         7.86827240           0.06899910
                         1.88128850           0.31642400
                         0.54424930           0.74430830
    S   1 1.00
                         0.16871440           1.00000000
    P   1 1.00
                         0.16871440           1.00000000
    ****
    H  12
    S   3 1.00
                        18.73113700           0.03349460
                         2.82539370           0.23472695
                         0.64012170           0.81375733
    S   1 1.00
                         0.16127780           1.00000000
    ****
    C  13
    S   6 1.00
                      3047.52490000           0.00183470
                       457.36951000           0.01403730
                       103.94869000           0.06884260
                        29.21015500           0.23218440
                         9.28666300           0.46794130
                         3.16392700           0.36231200
    S   3 1.00
                         7.86827240          -0.11933240
                         1.88128850          -0.16085420
                         0.54424930           1.14345640
    P   3 1.00
                         7.86827240           0.06899910
                         1.88128850           0.31642400
                         0.54424930           0.74430830
    S   1 1.00
                         0.16871440           1.00000000
    P   1 1.00
                         0.16871440           1.00000000
    ****
    H  14
    S   3 1.00
                        18.73113700           0.03349460
                         2.82539370           0.23472695
                         0.64012170           0.81375733
    S   1 1.00
                         0.16127780           1.00000000
    ****
   BR  15
    S   6 1.00
                    113718.20000000           0.00171770
                     17074.44000000           0.01316744
                      3889.57600000           0.06504553
                      1097.09600000           0.22695050
                       352.06240000           0.47683570
                       120.70020000           0.35836770
    S   6 1.00
                      2471.13800000           0.00224369
                       589.38380000           0.02994853
                       191.87380000           0.12560090
                        72.95339000          -0.00098328
                        30.05839000          -0.60131410
                        12.52927000          -0.49139830
    P   6 1.00
                      2471.13800000           0.00379018
                       589.38380000           0.02995979
                       191.87380000           0.13182280
                        72.95339000           0.34327080
                        30.05839000           0.46423450
                        12.52927000           0.20793870
    S   6 1.00
                       109.64110000          -0.00597568
                        38.58948000           0.05542122
                        16.37818000           0.26812000
                         7.22183600          -0.15436060
                         3.26369700          -0.72063060
                         1.46549900          -0.33164370
    P   6 1.00
                       109.64110000          -0.00690748
                        38.58948000          -0.03041432
                        16.37818000           0.04602725
                         7.22183600           0.36506890
                         3.26369700           0.49492320
                         1.46549900           0.20903940
    S   3 1.00
                         2.10365100           0.30290290
                         0.75470500          -0.21526590
                         0.30051400          -0.96339410
    P   3 1.00
                         2.10365100          -0.02826714
                         0.75470500           0.35030650
                         0.30051400           0.71824460
    S   1 1.00
                         0.10907100           1.00000000
    P   1 1.00
                         0.10907100           1.00000000
    D   3 1.00
                        62.25514000           0.07704229
                        17.31284000           0.37073840
                         5.60791500           0.70976280
    D   1 1.00
                         1.74648600           1.00000000
    ****

    Molecular point group: c1
    Full point group: C1

    Geometry (in Angstrom), charge = 1, multiplicity = 1:

       Center              X                  Y                   Z               Mass       
    ------------   -----------------  -----------------  -----------------  -----------------
         C           -1.804928163307     1.957993763262     0.703312273806    12.000000000000
         C           -0.379708783307     1.994122833262     0.698532703806    12.000000000000
         C            0.296125016693     0.817793533262     0.710271493806    12.000000000000
         C           -2.520286433307     0.755089873262     0.736288843806    12.000000000000
         H           -2.344947113307     2.899196893262     0.691895063806     1.007825032230
         H            0.158564066693     2.933869823262     0.699142733806     1.007825032230
         H           -3.601954283307     0.764862203262     0.746931053806     1.007825032230
         N            1.767881836693     0.820900013262     0.771891313806    14.003074004430
         O            2.315054046693    -0.296733496738     0.879853723806    15.994914619570
         O            2.340645916693     1.923356243262     0.711986073806    15.994914619570
         C           -1.829967733307    -0.442167236738     0.756258983806    12.000000000000
         H           -2.356763623307    -1.389967436738     0.789740873806     1.007825032230
         C           -0.361341153307    -0.491572936738     0.714148383806    12.000000000000
         H            0.119338216693    -1.238105076738     1.350400383806     1.007825032230
         BR          -0.151212663307    -1.224162306738    -1.170925976194    78.918337600000

  -AO BASIS SET INFORMATION:
    Name                   = 6-31G
    Blend                  = 6-31G
    Total number of shells = 66
    Number of primitives   = 188
    Number of AO           = 120
    Number of SO           = 120
    Maximum AM             = 2
    Spherical Harmonics    = FALSE

  -Contraction Scheme:
    Atom   Type   All Primitives // Shells:
   ------ ------ --------------------------
       1     C     10s 4p // 3s 2p 
       2     C     10s 4p // 3s 2p 
       3     C     10s 4p // 3s 2p 
       4     C     10s 4p // 3s 2p 
       5     H     4s // 2s 
       6     H     4s // 2s 
       7     H     4s // 2s 
       8     N     10s 4p // 3s 2p 
       9     O     10s 4p // 3s 2p 
      10     O     10s 4p // 3s 2p 
      11     C     10s 4p // 3s 2p 
      12     H     4s // 2s 
      13     C     10s 4p // 3s 2p 
      14     H     4s // 2s 
      15    BR     22s 16p 4d // 5s 4p 2d 

  ==> AO Basis Functions <==

    [ 6-31G ]
    cartesian
    ****
    C   1
    S   6 1.00
                      3047.52490000           0.00183470
                       457.36951000           0.01403730
                       103.94869000           0.06884260
                        29.21015500           0.23218440
                         9.28666300           0.46794130
                         3.16392700           0.36231200
    S   3 1.00
                         7.86827240          -0.11933240
                         1.88128850          -0.16085420
                         0.54424930           1.14345640
    P   3 1.00
                         7.86827240           0.06899910
                         1.88128850           0.31642400
                         0.54424930           0.74430830
    S   1 1.00
                         0.16871440           1.00000000
    P   1 1.00
                         0.16871440           1.00000000
    ****
    C   2
    S   6 1.00
                      3047.52490000           0.00183470
                       457.36951000           0.01403730
                       103.94869000           0.06884260
                        29.21015500           0.23218440
                         9.28666300           0.46794130
                         3.16392700           0.36231200
    S   3 1.00
                         7.86827240          -0.11933240
                         1.88128850          -0.16085420
                         0.54424930           1.14345640
    P   3 1.00
                         7.86827240           0.06899910
                         1.88128850           0.31642400
                         0.54424930           0.74430830
    S   1 1.00
                         0.16871440           1.00000000
    P   1 1.00
                         0.16871440           1.00000000
    ****
    C   3
    S   6 1.00
                      3047.52490000           0.00183470
                       457.36951000           0.01403730
                       103.94869000           0.06884260
                        29.21015500           0.23218440
                         9.28666300           0.46794130
                         3.16392700           0.36231200
    S   3 1.00
                         7.86827240          -0.11933240
                         1.88128850          -0.16085420
                         0.54424930           1.14345640
    P   3 1.00
                         7.86827240           0.06899910
                         1.88128850           0.31642400
                         0.54424930           0.74430830
    S   1 1.00
                         0.16871440           1.00000000
    P   1 1.00
                         0.16871440           1.00000000
    ****
    C   4
    S   6 1.00
                      3047.52490000           0.00183470
                       457.36951000           0.01403730
                       103.94869000           0.06884260
                        29.21015500           0.23218440
                         9.28666300           0.46794130
                         3.16392700           0.36231200
    S   3 1.00
                         7.86827240          -0.11933240
                         1.88128850          -0.16085420
                         0.54424930           1.14345640
    P   3 1.00
                         7.86827240           0.06899910
                         1.88128850           0.31642400
                         0.54424930           0.74430830
    S   1 1.00
                         0.16871440           1.00000000
    P   1 1.00
                         0.16871440           1.00000000
    ****
    H   5
    S   3 1.00
                        18.73113700           0.03349460
                         2.82539370           0.23472695
                         0.64012170           0.81375733
    S   1 1.00
                         0.16127780           1.00000000
    ****
    H   6
    S   3 1.00
                        18.73113700           0.03349460
                         2.82539370           0.23472695
                         0.64012170           0.81375733
    S   1 1.00
                         0.16127780           1.00000000
    ****
    H   7
    S   3 1.00
                        18.73113700           0.03349460
                         2.82539370           0.23472695
                         0.64012170           0.81375733
    S   1 1.00
                         0.16127780           1.00000000
    ****
    N   8
    S   6 1.00
                      4173.51100000           0.00183480
                       627.45790000           0.01399500
                       142.90210000           0.06858700
                        40.23433000           0.23224100
                        12.82021000           0.46907000
                         4.39043700           0.36045500
    S   3 1.00
                        11.62635800          -0.11496100
                         2.71628000          -0.16911800
                         0.77221800           1.14585200
    P   3 1.00
                        11.62635800           0.06758000
                         2.71628000           0.32390700
                         0.77221800           0.74089500
    S   1 1.00
                         0.21203130           1.00000000
    P   1 1.00
                         0.21203130           1.00000000
    ****
    O   9
    S   6 1.00
                      5484.67170000           0.00183110
                       825.23495000           0.01395010
                       188.04696000           0.06844510
                        52.96450000           0.23271430
                        16.89757000           0.47019300
                         5.79963530           0.35852090
    S   3 1.00
                        15.53961600          -0.11077750
                         3.59993360          -0.14802630
                         1.01376180           1.13076700
    P   3 1.00
                        15.53961600           0.07087430
                         3.59993360           0.33975280
                         1.01376180           0.72715860
    S   1 1.00
                         0.27000580           1.00000000
    P   1 1.00
                         0.27000580           1.00000000
    ****
    O  10
    S   6 1.00
                      5484.67170000           0.00183110
                       825.23495000           0.01395010
                       188.04696000           0.06844510
                        52.96450000           0.23271430
                        16.89757000           0.47019300
                         5.79963530           0.35852090
    S   3 1.00
                        15.53961600          -0.11077750
                         3.59993360          -0.14802630
                         1.01376180           1.13076700
    P   3 1.00
                        15.53961600           0.07087430
                         3.59993360           0.33975280
                         1.01376180           0.72715860
    S   1 1.00
                         0.27000580           1.00000000
    P   1 1.00
                         0.27000580           1.00000000
    ****
    C  11
    S   6 1.00
                      3047.52490000           0.00183470
                       457.36951000           0.01403730
                       103.94869000           0.06884260
                        29.21015500           0.23218440
                         9.28666300           0.46794130
                         3.16392700           0.36231200
    S   3 1.00
                         7.86827240          -0.11933240
                         1.88128850          -0.16085420
                         0.54424930           1.14345640
    P   3 1.00
                         7.86827240           0.06899910
                         1.88128850           0.31642400
                         0.54424930           0.74430830
    S   1 1.00
                         0.16871440           1.00000000
    P   1 1.00
                         0.16871440           1.00000000
    ****
    H  12
    S   3 1.00
                        18.73113700           0.03349460
                         2.82539370           0.23472695
                         0.64012170           0.81375733
    S   1 1.00
                         0.16127780           1.00000000
    ****
    C  13
    S   6 1.00
                      3047.52490000           0.00183470
                       457.36951000           0.01403730
                       103.94869000           0.06884260
                        29.21015500           0.23218440
                         9.28666300           0.46794130
                         3.16392700           0.36231200
    S   3 1.00
                         7.86827240          -0.11933240
                         1.88128850          -0.16085420
                         0.54424930           1.14345640
    P   3 1.00
                         7.86827240           0.06899910
                         1.88128850           0.31642400
                         0.54424930           0.74430830
    S   1 1.00
                         0.16871440           1.00000000
    P   1 1.00
                         0.16871440           1.00000000
    ****
    H  14
    S   3 1.00
                        18.73113700           0.03349460
                         2.82539370           0.23472695
                         0.64012170           0.81375733
    S   1 1.00
                         0.16127780           1.00000000
    ****
   BR  15
    S   6 1.00
                    113718.20000000           0.00171770
                     17074.44000000           0.01316744
                      3889.57600000           0.06504553
                      1097.09600000           0.22695050
                       352.06240000           0.47683570
                       120.70020000           0.35836770
    S   6 1.00
                      2471.13800000           0.00224369
                       589.38380000           0.02994853
                       191.87380000           0.12560090
                        72.95339000          -0.00098328
                        30.05839000          -0.60131410
                        12.52927000          -0.49139830
    P   6 1.00
                      2471.13800000           0.00379018
                       589.38380000           0.02995979
                       191.87380000           0.13182280
                        72.95339000           0.34327080
                        30.05839000           0.46423450
                        12.52927000           0.20793870
    S   6 1.00
                       109.64110000          -0.00597568
                        38.58948000           0.05542122
                        16.37818000           0.26812000
                         7.22183600          -0.15436060
                         3.26369700          -0.72063060
                         1.46549900          -0.33164370
    P   6 1.00
                       109.64110000          -0.00690748
                        38.58948000          -0.03041432
                        16.37818000           0.04602725
                         7.22183600           0.36506890
                         3.26369700           0.49492320
                         1.46549900           0.20903940
    S   3 1.00
                         2.10365100           0.30290290
                         0.75470500          -0.21526590
                         0.30051400          -0.96339410
    P   3 1.00
                         2.10365100          -0.02826714
                         0.75470500           0.35030650
                         0.30051400           0.71824460
    S   1 1.00
                         0.10907100           1.00000000
    P   1 1.00
                         0.10907100           1.00000000
    D   3 1.00
                        62.25514000           0.07704229
                        17.31284000           0.37073840
                         5.60791500           0.70976280
    D   1 1.00
                         1.74648600           1.00000000
    ****

